Unity Editor version:    2020.3.27f1 (e759542391ea)
Branch:                  2020.3/release
Build type:              Release
Batch mode:              YES
macOS version:           Version 11.6 (Build 20G165)
Darwin version:          20.6.0
Architecture:            x86_64
Running under Rosetta:   NO
Available memory:        16384 MB
Using pre-set license
Pro License: NO

COMMAND LINE ARGUMENTS:
/Applications/2020.3.27f1/Unity.app/Contents/MacOS/Unity
-adb2
-batchMode
-noUpm
-name
AssetImportWorker0
-projectPath
/Users/game34/Desktop/Create With Code/Snack Attack
-logFile
Logs/AssetImportWorker0.log
-srvPort
62074
Successfully changed project path to: /Users/game34/Desktop/Create With Code/Snack Attack
Could not lock editor preferences. Preferences updates for this instance of Unity will not be saved./Users/game34/Desktop/Create With Code/Snack Attack
Using Asset Import Pipeline V2.
Refreshing native plugins compatible for Editor in 30.33 ms, found 2 plugins.
Preloading 0 native plugins for Editor in 0.00 ms.
Initialize engine version: 2020.3.27f1 (e759542391ea)
[Subsystems] Discovering subsystems at path /Applications/2020.3.27f1/Unity.app/Contents/Resources/UnitySubsystems
[Subsystems] Discovering subsystems at path /Users/game34/Desktop/Create With Code/Snack Attack/Assets
GfxDevice: creating device client; threaded=0
2024-10-25 11:57:03.799 Unity[36645:1364672] iMac preferred device: AMD Radeon Pro 5500 XT (high power)
2024-10-25 11:57:03.799 Unity[36645:1364672] Metal devices available: 1
2024-10-25 11:57:03.799 Unity[36645:1364672] 0: AMD Radeon Pro 5500 XT (high power)
2024-10-25 11:57:03.799 Unity[36645:1364672] Using device AMD Radeon Pro 5500 XT (high power)
Initializing Metal device caps: AMD Radeon Pro 5500 XT
Initialize mono
Mono path[0] = '/Applications/2020.3.27f1/Unity.app/Contents/Managed'
Mono path[1] = '/Applications/2020.3.27f1/Unity.app/Contents/MonoBleedingEdge/lib/mono/unityjit'
Mono config path = '/Applications/2020.3.27f1/Unity.app/Contents/MonoBleedingEdge/etc'
Using monoOptions --debugger-agent=transport=dt_socket,embedding=1,server=y,suspend=n,address=127.0.0.1:56645
Begin MonoManager ReloadAssembly
Registering precompiled unity dll's ...
Register platform support module: /Applications/2020.3.27f1/Unity.app/Contents/PlaybackEngines/MacStandaloneSupport/UnityEditor.OSXStandalone.Extensions.dll
Registered in 0.000436 seconds.
Native extension for OSXStandalone target not found
Refreshing native plugins compatible for Editor in 23.62 ms, found 2 plugins.
Preloading 0 native plugins for Editor in 0.00 ms.
Mono: successfully reloaded assembly
- Completed reload, in  0.516 seconds
Domain Reload Profiling:
	ReloadAssembly (516ms)
		BeginReloadAssembly (38ms)
			ExecutionOrderSort (0ms)
			DisableScriptedObjects (0ms)
			BackupInstance (0ms)
			ReleaseScriptingObjects (0ms)
			CreateAndSetChildDomain (1ms)
		EndReloadAssembly (412ms)
			LoadAssemblies (37ms)
			RebuildTransferFunctionScriptingTraits (0ms)
			SetupTypeCache (157ms)
			ReleaseScriptCaches (0ms)
			RebuildScriptCaches (33ms)
			SetupLoadedEditorAssemblies (150ms)
				LogAssemblyErrors (0ms)
				InitializePlatformSupportModulesInManaged (4ms)
				SetLoadedEditorAssemblies (0ms)
				RefreshPlugins (24ms)
				BeforeProcessingInitializeOnLoad (7ms)
				ProcessInitializeOnLoadAttributes (90ms)
				ProcessInitializeOnLoadMethodAttributes (25ms)
				AfterProcessingInitializeOnLoad (0ms)
				EditorAssembliesLoaded (0ms)
			ExecutionOrderSort2 (0ms)
			AwakeInstancesAfterBackupRestoration (0ms)
Platform modules already initialized, skipping
Registering precompiled user dll's ...
Registered in 0.003912 seconds.
Begin MonoManager ReloadAssembly
Native extension for OSXStandalone target not found
Refreshing native plugins compatible for Editor in 0.28 ms, found 2 plugins.
Preloading 0 native plugins for Editor in 0.00 ms.
Mono: successfully reloaded assembly
- Completed reload, in  0.891 seconds
Domain Reload Profiling:
	ReloadAssembly (891ms)
		BeginReloadAssembly (132ms)
			ExecutionOrderSort (0ms)
			DisableScriptedObjects (4ms)
			BackupInstance (0ms)
			ReleaseScriptingObjects (0ms)
			CreateAndSetChildDomain (25ms)
		EndReloadAssembly (705ms)
			LoadAssemblies (63ms)
			RebuildTransferFunctionScriptingTraits (0ms)
			SetupTypeCache (275ms)
			ReleaseScriptCaches (0ms)
			RebuildScriptCaches (41ms)
			SetupLoadedEditorAssemblies (233ms)
				LogAssemblyErrors (0ms)
				InitializePlatformSupportModulesInManaged (3ms)
				SetLoadedEditorAssemblies (0ms)
				RefreshPlugins (0ms)
				BeforeProcessingInitializeOnLoad (38ms)
				ProcessInitializeOnLoadAttributes (182ms)
				ProcessInitializeOnLoadMethodAttributes (8ms)
				AfterProcessingInitializeOnLoad (1ms)
				EditorAssembliesLoaded (0ms)
			ExecutionOrderSort2 (0ms)
			AwakeInstancesAfterBackupRestoration (5ms)
Platform modules already initialized, skipping
Validating Project structure ... 0.002169 seconds.
Shader import version has changed; will reimport all shaders...
Upgrading shader files ...0.002187 seconds.
Application.AssetDatabase Initial Script Refresh Start
RefreshInfo: InitialScriptRefreshV2(NoUpdateAssetOptions) scanfilter:  ... 1 filters
RefreshProfiler: Total: 0.000ms
Application.AssetDatabase Initial Script Refresh End
Application.AssetDatabase.Refresh Start
Application.AssetDatabase.Refresh End
RefreshInfo: StopAssetImportingV2(ForceSynchronousImport) scanfilter: 
RefreshProfiler: Total: 0.000ms
Launching external process: /Applications/2020.3.27f1/Unity.app/Contents/Tools/UnityShaderCompiler
Launched and connected shader compiler UnityShaderCompiler after 0.01 seconds
Initializing Unity extensions:
========================================================================
Worker process is ready to serve import requests
Refreshing native plugins compatible for Editor in 0.25 ms, found 2 plugins.
Preloading 0 native plugins for Editor in 0.00 ms.
Unloading 1508 Unused Serialized files (Serialized files now loaded: 0)
System memory in use before: 177.5 MB.
System memory in use after: 176.7 MB.

Unloading 80 unused Assets to reduce memory usage. Loaded Objects now: 1980.
Total: 2.457487 ms (FindLiveObjects: 0.107132 ms CreateObjectMapping: 0.037015 ms MarkObjects: 1.934034 ms  DeleteObjects: 0.378636 ms)

AssetImportParameters requested are different than current active one (requested -> active):
  custom:video-decoder-ogg-theora: a1e56fd34408186e4bbccfd4996cb3dc -> 
  custom:container-muxer-webm: aa71ff27fc2769a1b78a27578f13a17b -> 
  custom:container-demuxer-webm: 4f35f7cbe854078d1ac9338744f61a02 -> 
  custom:container-demuxer-ogg: 62fdf1f143b41e24485cea50d1cbac27 -> 
  custom:video-encoder-webm-vp8: eb34c28f22e8b96e1ab97ce403110664 -> 
  custom:framework-osx-AVFoundation: e770b220cccbd017edd2c1fefb359320 -> 
  custom:video-decoder-webm-vp8: 9c59270c3fd7afecdb556c50c9e8de78 -> 
  custom:audio-decoder-ogg-vorbis: bf7c407c2cedff20999df2af8eb42d56 -> 
  custom:audio-encoder-webm-vorbis: bf7c407c2cedff20999df2af8eb42d56 -> 
========================================================================
Received Import Request.
  path: Assets/Mini Simple Characters Skeleton Demo/Prefabs/Characters/mini simple skeleton demo_01.prefab
  artifactKey: Guid(62dcba975a0bdfe47bef48ea43049412) Importer(815301076,1909f56bfc062723c751e8b465ee728b)
Start importing Assets/Mini Simple Characters Skeleton Demo/Prefabs/Characters/mini simple skeleton demo_01.prefab using Guid(62dcba975a0bdfe47bef48ea43049412) Importer(815301076,1909f56bfc062723c751e8b465ee728b)  -> (artifact id: '4f671e257bf5cb6dcf72f4752d9eb403') in 1.064402 seconds 
  Import took 1.069639 seconds .

========================================================================
Received Import Request.
  Time since last request: 0.000189 seconds.
  path: Assets/Mini Simple Characters Skeleton Demo/Prefabs/Props/shield_wood.prefab
  artifactKey: Guid(8533b4b7d25cfea40a34848f200ce0e0) Importer(815301076,1909f56bfc062723c751e8b465ee728b)
Start importing Assets/Mini Simple Characters Skeleton Demo/Prefabs/Props/shield_wood.prefab using Guid(8533b4b7d25cfea40a34848f200ce0e0) Importer(815301076,1909f56bfc062723c751e8b465ee728b)  -> (artifact id: '911f38c0c9372a48069daeaecd29b04a') in 0.017097 seconds 
  Import took 0.019731 seconds .

========================================================================
Received Import Request.
  Time since last request: 0.000158 seconds.
  path: Assets/Mini Simple Characters Skeleton Demo/Prefabs/Characters/mini simple skeleton demo_02.prefab
  artifactKey: Guid(20818fda9cf85f94ca4d9803d50fb8d8) Importer(815301076,1909f56bfc062723c751e8b465ee728b)
Start importing Assets/Mini Simple Characters Skeleton Demo/Prefabs/Characters/mini simple skeleton demo_02.prefab using Guid(20818fda9cf85f94ca4d9803d50fb8d8) Importer(815301076,1909f56bfc062723c751e8b465ee728b)  -> (artifact id: '754f7cb4c0b9a8a46a822a2bdbe3f97a') in 0.013401 seconds 
  Import took 0.016299 seconds .

========================================================================
Received Import Request.
  Time since last request: 0.000166 seconds.
  path: Assets/Mini Simple Characters Skeleton Demo/Prefabs/Characters/mini simple skeleton demo.prefab
  artifactKey: Guid(4a46e821c58b5cd42b14eaab6d197266) Importer(815301076,1909f56bfc062723c751e8b465ee728b)
Start importing Assets/Mini Simple Characters Skeleton Demo/Prefabs/Characters/mini simple skeleton demo.prefab using Guid(4a46e821c58b5cd42b14eaab6d197266) Importer(815301076,1909f56bfc062723c751e8b465ee728b)  -> (artifact id: '2843fe6800811e46a7a9e5f3bc58ba5c') in 0.010694 seconds 
  Import took 0.013253 seconds .

========================================================================
Received Import Request.
  Time since last request: 0.000145 seconds.
  path: Assets/Mini Simple Characters Skeleton Demo/Prefabs/Props/sword_wood.prefab
  artifactKey: Guid(a8cc610235c43164cb7d9665673d0322) Importer(815301076,1909f56bfc062723c751e8b465ee728b)
Start importing Assets/Mini Simple Characters Skeleton Demo/Prefabs/Props/sword_wood.prefab using Guid(a8cc610235c43164cb7d9665673d0322) Importer(815301076,1909f56bfc062723c751e8b465ee728b)  -> (artifact id: '7637ea9755c035119e93a145d1d7f974') in 0.009132 seconds 
  Import took 0.011222 seconds .

========================================================================
Received Import Request.
  Time since last request: 13.027023 seconds.
  path: Assets/Prefabs
  artifactKey: Guid(d509be2aeecc94b7dbb050c2da2cf1ac) Importer(815301076,1909f56bfc062723c751e8b465ee728b)
Start importing Assets/Prefabs using Guid(d509be2aeecc94b7dbb050c2da2cf1ac) Importer(815301076,1909f56bfc062723c751e8b465ee728b)  -> (artifact id: 'd83d1f4a1efbbe4e1471f8d6effc2b80') in 0.001745 seconds 
  Import took 0.004064 seconds .

========================================================================
Received Import Request.
  Time since last request: 8.008190 seconds.
  path: Assets/Prefabs/waffle.prefab
  artifactKey: Guid(b6f87e1f168a74332a23a98b9c0f2454) Importer(815301076,1909f56bfc062723c751e8b465ee728b)
Start importing Assets/Prefabs/waffle.prefab using Guid(b6f87e1f168a74332a23a98b9c0f2454) Importer(815301076,1909f56bfc062723c751e8b465ee728b)  -> (artifact id: 'bc251d20f34707e8aedcbe55303e108f') in 0.012855 seconds 
  Import took 0.015464 seconds .

========================================================================
Received Import Request.
  Time since last request: 3.549071 seconds.
  path: Assets/Prefabs/banana.prefab
  artifactKey: Guid(1d44b6e270a1549379ba8ac05920d1ff) Importer(815301076,1909f56bfc062723c751e8b465ee728b)
Start importing Assets/Prefabs/banana.prefab using Guid(1d44b6e270a1549379ba8ac05920d1ff) Importer(815301076,1909f56bfc062723c751e8b465ee728b)  -> (artifact id: '1f2b76c42d4472726b68723a014198ae') in 0.014652 seconds 
  Import took 0.017086 seconds .

========================================================================
Received Import Request.
  Time since last request: 3.540130 seconds.
  path: Assets/Prefabs/pizza.prefab
  artifactKey: Guid(722c961a656504fa3b88e52021206154) Importer(815301076,1909f56bfc062723c751e8b465ee728b)
Start importing Assets/Prefabs/pizza.prefab using Guid(722c961a656504fa3b88e52021206154) Importer(815301076,1909f56bfc062723c751e8b465ee728b)  -> (artifact id: '6c0143a1558a7ee7ba2e1cac0f087263') in 0.016414 seconds 
  Import took 0.019011 seconds .

========================================================================
Received Import Request.
  Time since last request: 4.676673 seconds.
  path: Assets/Prefabs/Hambuger.prefab
  artifactKey: Guid(aad6c0a47cc944d62a56d6d2f045c48f) Importer(815301076,1909f56bfc062723c751e8b465ee728b)
Start importing Assets/Prefabs/Hambuger.prefab using Guid(aad6c0a47cc944d62a56d6d2f045c48f) Importer(815301076,1909f56bfc062723c751e8b465ee728b)  -> (artifact id: '624de2b1661c6e9488907fd7bc1c281f') in 0.017516 seconds 
  Import took 0.022148 seconds .

========================================================================
Received Import Request.
  Time since last request: 3.819692 seconds.
  path: Assets/Prefabs/grape.prefab
  artifactKey: Guid(b78d0f5a7d3b64eef9cbb123d173c648) Importer(815301076,1909f56bfc062723c751e8b465ee728b)
Start importing Assets/Prefabs/grape.prefab using Guid(b78d0f5a7d3b64eef9cbb123d173c648) Importer(815301076,1909f56bfc062723c751e8b465ee728b)  -> (artifact id: '577ca1efdf6f18fa56cdc3ce24b12aba') in 0.012333 seconds 
  Import took 0.014477 seconds .

========================================================================
Received Import Request.
  Time since last request: 4.799584 seconds.
  path: Assets/Prefabs/cake.prefab
  artifactKey: Guid(23aadee6678f74e8daf4fed1a1d8db90) Importer(815301076,1909f56bfc062723c751e8b465ee728b)
Start importing Assets/Prefabs/cake.prefab using Guid(23aadee6678f74e8daf4fed1a1d8db90) Importer(815301076,1909f56bfc062723c751e8b465ee728b)  -> (artifact id: '390716867a5c4883e74f488f9030a603') in 0.016619 seconds 
  Import took 0.019169 seconds .

AssetImportWorkerClient::OnTransportError - code=2 error=End of file
